<?xml version="1.0" encoding="UTF-8"?>
<!-- Generated by org.testng.reporters.JUnitXMLReporter -->
<testsuite hostname="DESKTOP-0T68PS8" ignored="4" name="Test" tests="4" failures="0" timestamp="24 Feb 2020 17:29:58 GMT" time="0.063" errors="0">
  <testcase name="test" time="0.0" classname="com.abc.bang.Groups1"/>
  <testcase name="test2" time="0.015" classname="com.abc.bang.Groups1"/>
  <testcase name="test1" time="0.016" classname="com.abc.Include.Groups"/>
  <testcase name="test2" time="0.0" classname="com.abc.Include.Groups"/>
  <testcase name="test3" time="0.0" classname="com.abc.Include.Groups">
    <ignored/>
  </testcase> <!-- test3 -->
  <testcase name="test" time="0.0" classname="com.abc.Include.Groups">
    <ignored/>
  </testcase> <!-- test -->
  <testcase name="test3" time="0.0" classname="com.abc.bang.Groups1">
    <ignored/>
  </testcase> <!-- test3 -->
  <testcase name="test1" time="0.0" classname="com.abc.bang.Groups1">
    <ignored/>
  </testcase> <!-- test1 -->
</testsuite> <!-- Test -->
